<?xml version="1.0" encoding="UTF-8"?>
<testsuite xmlns:xsi="http://www.w3.org/2001/XMLSchema-instance" xsi:noNamespaceSchemaLocation="https://maven.apache.org/surefire/maven-surefire-plugin/xsd/surefire-test-report-3.0.xsd" version="3.0" name="Etsy search feature" time="16.415" tests="2" errors="0" skipped="0" failures="0">
  <properties>
[...]
</properties>
  <testcase name="Etsy default title verification" classname="Etsy search feature" time="7.93">
    <system-out><![CDATA[-- seting up browser with further details...
----setup applying for each step
----setup applying for each step
After --Teardown steps are being applied
]]></system-out>
    <system-err><![CDATA[Starting ChromeDriver 92.0.4515.43 (8c61b7e2989f2990d42f859cac71319137787cce-refs/branch-heads/4515@{#306}) on port 40210
Only local connections are allowed.
Please see https://chromedriver.chromium.org/security-considerations for suggestions on keeping ChromeDriver safe.
ChromeDriver was started successfully.
Jul 24, 2021 4:03:10 PM org.openqa.selenium.remote.ProtocolHandshake createSession
INFO: Detected dialect: W3C
]]></system-err>
  </testcase>
  <testcase name="Etsy search functionality title verification" classname="Etsy search feature" time="8.485">
    <system-out><![CDATA[-- seting up browser with further details...
----setup applying for each step
----setup applying for each step
----setup applying for each step
----setup applying for each step
After --Teardown steps are being applied
]]></system-out>
    <system-err><![CDATA[Starting ChromeDriver 92.0.4515.43 (8c61b7e2989f2990d42f859cac71319137787cce-refs/branch-heads/4515@{#306}) on port 7130
Only local connections are allowed.
Please see https://chromedriver.chromium.org/security-considerations for suggestions on keeping ChromeDriver safe.
ChromeDriver was started successfully.
Jul 24, 2021 4:03:17 PM org.openqa.selenium.remote.ProtocolHandshake createSession
INFO: Detected dialect: W3C
]]></system-err>
  </testcase>
</testsuite>